14:07:34.191 [main] INFO  - Goto my account-->Click on Login.. 
14:07:34.883 [main] INFO  - Entering email and password.. 
14:07:35.559 [main] INFO  - clicked on login button...
15:21:51.876 [main] INFO  - Goto my account-->Click on Login.. 
15:21:53.135 [main] INFO  - Entering email and password.. 
15:21:54.620 [main] INFO  - clicked on login button...
15:32:55.009 [main] INFO  - Goto my account-->Click on Login.. 
15:32:55.760 [main] INFO  - Entering email and password.. 
15:32:56.517 [main] INFO  - clicked on login button...
15:44:58.490 [main] INFO  - Goto my account-->Click on Login.. 
15:44:59.375 [main] INFO  - Entering email and password.. 
15:45:00.720 [main] INFO  - clicked on login button...
11:24:02.941 [pool-3-thread-1] INFO  - Goto my account-->Click on Login.. 
11:24:03.761 [pool-3-thread-1] INFO  - Entering email and password.. 
11:24:06.101 [pool-3-thread-1] INFO  - clicked on login button...
11:25:07.956 [main] INFO  - Goto my account-->Click on Login.. 
11:25:08.604 [main] INFO  - Entering email and password.. 
11:25:09.732 [main] INFO  - clicked on login button...
11:27:34.728 [main] INFO  - Goto my account-->Click on Login.. 
11:27:35.361 [main] INFO  - Entering email and password.. 
11:27:36.283 [main] INFO  - clicked on login button...
11:28:39.062 [pool-3-thread-1] INFO  - Goto my account-->Click on Login.. 
11:28:39.709 [pool-3-thread-1] INFO  - Entering email and password.. 
11:28:41.527 [pool-3-thread-1] INFO  - clicked on login button...
11:30:58.762 [main] INFO  - Goto my account-->Click on Login.. 
11:30:59.506 [main] INFO  - Entering email and password.. 
11:31:00.817 [main] INFO  - clicked on login button...
11:32:42.541 [main] INFO  - Goto my account-->Click on Login.. 
11:32:46.118 [main] INFO  - Entering email and password.. 
11:32:47.244 [main] INFO  - clicked on login button...
11:34:08.134 [main] INFO  - Goto my account-->Click on Login.. 
11:34:08.801 [main] INFO  - Entering email and password.. 
11:34:10.471 [main] INFO  - clicked on login button...
11:45:34.561 [main] INFO  - Goto my account-->Click on Login.. 
11:45:35.241 [main] INFO  - Entering email and password.. 
11:45:36.544 [main] INFO  - clicked on login button...
11:48:32.063 [main] INFO  - Goto my account-->Click on Login.. 
11:48:32.749 [main] INFO  - Entering email and password.. 
11:48:34.206 [main] INFO  - clicked on login button...
12:19:09.362 [main] INFO  - Goto my account-->Click on Login.. 
12:19:10.371 [main] INFO  - Entering email and password.. 
12:19:11.738 [main] INFO  - clicked on login button...
12:24:14.670 [main] INFO  - Goto my account-->Click on Login.. 
12:24:15.551 [main] INFO  - Entering email and password.. 
12:24:16.857 [main] INFO  - clicked on login button...
12:25:59.705 [main] INFO  - Goto my account-->Click on Login.. 
12:26:00.443 [main] INFO  - Entering email and password.. 
12:26:01.724 [main] INFO  - clicked on login button...
12:40:21.946 [main] INFO  - Goto my account-->Click on Login.. 
12:40:22.616 [main] INFO  - Entering email and password.. 
12:40:24.212 [main] INFO  - clicked on login button...
12:48:13.135 [main] INFO  - Goto my account-->Click on Login.. 
12:48:14.187 [main] INFO  - Entering email and password.. 
12:48:15.338 [main] INFO  - clicked on login button...
07:20:02.541 [main] INFO  - Goto my account-->Click on Login.. 
07:20:03.687 [main] INFO  - Entering email and password.. 
07:20:04.885 [main] INFO  - clicked on login button...
07:26:07.255 [main] INFO  - Goto my account-->Click on Login.. 
07:26:08.073 [main] INFO  - Entering email and password.. 
07:26:08.937 [main] INFO  - clicked on login button...
07:27:45.855 [main] INFO  - Goto my account-->Click on Login.. 
07:27:46.685 [main] INFO  - Entering email and password.. 
07:27:47.506 [main] INFO  - clicked on login button...
07:42:18.774 [main] INFO  - Goto my account-->Click on Login.. 
07:42:19.621 [main] INFO  - Entering email and password.. 
07:42:20.495 [main] INFO  - clicked on login button...
07:44:30.850 [main] INFO  - Goto my account-->Click on Login.. 
07:44:31.695 [main] INFO  - Entering email and password.. 
07:44:32.578 [main] INFO  - clicked on login button...
07:46:04.249 [main] INFO  - Goto my account-->Click on Login.. 
07:46:05.043 [main] INFO  - Entering email and password.. 
07:46:05.916 [main] INFO  - clicked on login button...
07:52:55.919 [main] INFO  - Goto my account-->Click on Login.. 
07:52:56.718 [main] INFO  - Entering email and password.. 
07:52:57.593 [main] INFO  - clicked on login button...
09:33:41.058 [main] INFO  - Goto my account-->Click on Login.. 
09:33:42.159 [main] INFO  - Entering email and password.. 
09:33:42.916 [main] INFO  - clicked on login button...
09:33:59.864 [main] INFO  - Goto my account-->Click on Login.. 
09:34:01.371 [main] INFO  - Entering email and password.. 
09:34:03.169 [main] INFO  - clicked on login button...
09:34:08.602 [main] INFO  - Goto my account-->Click on Login.. 
09:34:10.242 [main] INFO  - Entering email and password.. 
09:34:12.309 [main] INFO  - clicked on login button...
09:35:37.684 [main] INFO  - Goto my account-->Click on Login.. 
09:35:58.580 [main] INFO  - Goto my account-->Click on Login.. 
09:36:00.278 [main] INFO  - Entering email and password.. 
09:36:02.942 [main] INFO  - clicked on login button...
09:44:47.507 [main] INFO  - Goto my account-->Click on Login.. 
09:44:48.686 [main] INFO  - Entering email and password.. 
09:44:51.317 [main] INFO  - clicked on login button...
09:44:57.647 [main] INFO  - Goto my account-->Click on Login.. 
09:44:58.545 [main] INFO  - Entering email and password.. 
09:45:00.782 [main] INFO  - clicked on login button...
09:47:04.529 [main] INFO  - Goto my account-->Click on Login.. 
09:47:05.863 [main] INFO  - Entering email and password.. 
09:47:08.224 [main] INFO  - clicked on login button...
09:47:27.446 [main] INFO  - Goto my account-->Click on Login.. 
09:47:29.217 [main] INFO  - Entering email and password.. 
09:47:32.501 [main] INFO  - clicked on login button...
09:51:30.419 [main] INFO  - Goto my account-->Click on Login.. 
09:51:31.728 [main] INFO  - Entering email and password.. 
09:51:33.841 [main] INFO  - clicked on login button...
09:51:53.361 [main] INFO  - Goto my account-->Click on Login.. 
09:51:54.894 [main] INFO  - Entering email and password.. 
09:51:56.875 [main] INFO  - clicked on login button...
09:52:04.380 [main] INFO  - Goto my account-->Click on Login.. 
09:52:05.326 [main] INFO  - Entering email and password.. 
09:52:07.254 [main] INFO  - clicked on login button...
10:00:20.538 [main] INFO  - Goto my account-->Click on Login.. 
10:00:21.637 [main] INFO  - Entering email and password.. 
10:00:23.469 [main] INFO  - clicked on login button...
10:00:30.041 [main] INFO  - Goto my account-->Click on Login.. 
10:00:31.134 [main] INFO  - Entering email and password.. 
10:00:31.976 [main] INFO  - clicked on login button...
10:00:39.538 [main] INFO  - Goto my account-->Click on Login.. 
10:00:40.907 [main] INFO  - Entering email and password.. 
10:00:43.040 [main] INFO  - clicked on login button...
10:39:01.024 [main] INFO  - Goto my account-->Click on Login.. 
10:39:02.154 [main] INFO  - Entering email and password.. 
10:39:05.348 [main] INFO  - clicked on login button...
10:39:11.997 [main] INFO  - Goto my account-->Click on Login.. 
10:39:13.521 [main] INFO  - Entering email and password.. 
10:39:15.857 [main] INFO  - clicked on login button...
10:39:21.421 [main] INFO  - Goto my account-->Click on Login.. 
10:39:23.054 [main] INFO  - Entering email and password.. 
10:39:25.346 [main] INFO  - clicked on login button...
10:53:26.680 [main] INFO  - Goto my account-->Click on Login.. 
10:53:28.126 [main] INFO  - Entering email and password.. 
10:53:30.163 [main] INFO  - clicked on login button...
10:53:36.233 [main] INFO  - Goto my account-->Click on Login.. 
10:53:38.261 [main] INFO  - Entering email and password.. 
10:53:40.552 [main] INFO  - clicked on login button...
10:53:47.659 [main] INFO  - Goto my account-->Click on Login.. 
10:53:49.375 [main] INFO  - Entering email and password.. 
10:53:51.389 [main] INFO  - clicked on login button...
10:56:14.144 [main] INFO  - Goto my account-->Click on Login.. 
10:56:15.188 [main] INFO  - Entering email and password.. 
10:56:18.734 [main] INFO  - clicked on login button...
10:56:24.881 [main] INFO  - Goto my account-->Click on Login.. 
10:56:25.865 [main] INFO  - Entering email and password.. 
10:56:27.862 [main] INFO  - clicked on login button...
10:56:34.161 [main] INFO  - Goto my account-->Click on Login.. 
10:56:35.407 [main] INFO  - Entering email and password.. 
10:56:37.133 [main] INFO  - clicked on login button...
